-------------------------------------------------------------------------------
Test set: be.groups.glanguage.glanguage.api.entities.test.RuleIdentityMappingTest
-------------------------------------------------------------------------------
Tests run: 3, Failures: 0, Errors: 3, Skipped: 0, Time elapsed: 1.4 sec <<< FAILURE! - in be.groups.glanguage.glanguage.api.entities.test.RuleIdentityMappingTest
testR1(be.groups.glanguage.glanguage.api.entities.test.RuleIdentityMappingTest)  Time elapsed: 0.007 sec  <<< ERROR!
java.lang.IllegalArgumentException: Unknown entity: be.groups.glanguage.glanguage.api.entities.rule.RuleIdentity
	at org.hibernate.internal.SessionFactoryImpl.getEntityPersister(SessionFactoryImpl.java:1096)
	at org.hibernate.internal.SessionImpl.locateEntityPersister(SessionImpl.java:2565)
	at org.hibernate.internal.SessionImpl.access$1900(SessionImpl.java:176)
	at org.hibernate.internal.SessionImpl$IdentifierLoadAccessImpl.<init>(SessionImpl.java:2504)
	at org.hibernate.internal.SessionImpl$IdentifierLoadAccessImpl.<init>(SessionImpl.java:2508)
	at org.hibernate.internal.SessionImpl$IdentifierLoadAccessImpl.<init>(SessionImpl.java:2495)
	at org.hibernate.internal.SessionImpl.byId(SessionImpl.java:1043)
	at org.hibernate.internal.SessionImpl.get(SessionImpl.java:955)
	at org.hibernate.jpa.spi.AbstractEntityManagerImpl.find(AbstractEntityManagerImpl.java:1110)
	at org.hibernate.jpa.spi.AbstractEntityManagerImpl.find(AbstractEntityManagerImpl.java:1068)
	at be.groups.glanguage.glanguage.api.entities.test.RuleIdentityMappingTest.testR1(RuleIdentityMappingTest.java:73)

testR2(be.groups.glanguage.glanguage.api.entities.test.RuleIdentityMappingTest)  Time elapsed: 0.002 sec  <<< ERROR!
java.lang.IllegalArgumentException: Unknown entity: be.groups.glanguage.glanguage.api.entities.rule.RuleIdentity
	at org.hibernate.internal.SessionFactoryImpl.getEntityPersister(SessionFactoryImpl.java:1096)
	at org.hibernate.internal.SessionImpl.locateEntityPersister(SessionImpl.java:2565)
	at org.hibernate.internal.SessionImpl.access$1900(SessionImpl.java:176)
	at org.hibernate.internal.SessionImpl$IdentifierLoadAccessImpl.<init>(SessionImpl.java:2504)
	at org.hibernate.internal.SessionImpl$IdentifierLoadAccessImpl.<init>(SessionImpl.java:2508)
	at org.hibernate.internal.SessionImpl$IdentifierLoadAccessImpl.<init>(SessionImpl.java:2495)
	at org.hibernate.internal.SessionImpl.byId(SessionImpl.java:1043)
	at org.hibernate.internal.SessionImpl.get(SessionImpl.java:955)
	at org.hibernate.jpa.spi.AbstractEntityManagerImpl.find(AbstractEntityManagerImpl.java:1110)
	at org.hibernate.jpa.spi.AbstractEntityManagerImpl.find(AbstractEntityManagerImpl.java:1068)
	at be.groups.glanguage.glanguage.api.entities.test.RuleIdentityMappingTest.testR2(RuleIdentityMappingTest.java:124)

testR3(be.groups.glanguage.glanguage.api.entities.test.RuleIdentityMappingTest)  Time elapsed: 0 sec  <<< ERROR!
java.lang.IllegalArgumentException: Unknown entity: be.groups.glanguage.glanguage.api.entities.rule.RuleIdentity
	at org.hibernate.internal.SessionFactoryImpl.getEntityPersister(SessionFactoryImpl.java:1096)
	at org.hibernate.internal.SessionImpl.locateEntityPersister(SessionImpl.java:2565)
	at org.hibernate.internal.SessionImpl.access$1900(SessionImpl.java:176)
	at org.hibernate.internal.SessionImpl$IdentifierLoadAccessImpl.<init>(SessionImpl.java:2504)
	at org.hibernate.internal.SessionImpl$IdentifierLoadAccessImpl.<init>(SessionImpl.java:2508)
	at org.hibernate.internal.SessionImpl$IdentifierLoadAccessImpl.<init>(SessionImpl.java:2495)
	at org.hibernate.internal.SessionImpl.byId(SessionImpl.java:1043)
	at org.hibernate.internal.SessionImpl.get(SessionImpl.java:955)
	at org.hibernate.jpa.spi.AbstractEntityManagerImpl.find(AbstractEntityManagerImpl.java:1110)
	at org.hibernate.jpa.spi.AbstractEntityManagerImpl.find(AbstractEntityManagerImpl.java:1068)
	at be.groups.glanguage.glanguage.api.entities.test.RuleIdentityMappingTest.testR3(RuleIdentityMappingTest.java:235)

