<?xml version="1.0" encoding="UTF-8"?>
<testsuite name="be.groups.glanguage.glanguage.api.entities.test.RuleIdentityMappingTest" time="0.009" tests="3" errors="3" skipped="0" failures="0">
  <properties>
[...]
</properties>
  <testcase name="testR1" classname="be.groups.glanguage.glanguage.api.entities.test.RuleIdentityMappingTest" time="0.007">
    <error message="Unknown entity: be.groups.glanguage.glanguage.api.entities.rule.RuleIdentity" type="java.lang.IllegalArgumentException"><![CDATA[java.lang.IllegalArgumentException: Unknown entity: be.groups.glanguage.glanguage.api.entities.rule.RuleIdentity
	at org.hibernate.internal.SessionFactoryImpl.getEntityPersister(SessionFactoryImpl.java:1096)
	at org.hibernate.internal.SessionImpl.locateEntityPersister(SessionImpl.java:2565)
	at org.hibernate.internal.SessionImpl.access$1900(SessionImpl.java:176)
	at org.hibernate.internal.SessionImpl$IdentifierLoadAccessImpl.<init>(SessionImpl.java:2504)
	at org.hibernate.internal.SessionImpl$IdentifierLoadAccessImpl.<init>(SessionImpl.java:2508)
	at org.hibernate.internal.SessionImpl$IdentifierLoadAccessImpl.<init>(SessionImpl.java:2495)
	at org.hibernate.internal.SessionImpl.byId(SessionImpl.java:1043)
	at org.hibernate.internal.SessionImpl.get(SessionImpl.java:955)
	at org.hibernate.jpa.spi.AbstractEntityManagerImpl.find(AbstractEntityManagerImpl.java:1110)
	at org.hibernate.jpa.spi.AbstractEntityManagerImpl.find(AbstractEntityManagerImpl.java:1068)
	at be.groups.glanguage.glanguage.api.entities.test.RuleIdentityMappingTest.testR1(RuleIdentityMappingTest.java:73)
]]></error>
    <system-err><![CDATA[SLF4J: Failed to load class "org.slf4j.impl.StaticLoggerBinder".
SLF4J: Defaulting to no-operation (NOP) logger implementation
SLF4J: See http://www.slf4j.org/codes.html#StaticLoggerBinder for further details.
août 25, 2016 1:14:30 PM org.hibernate.ejb.HibernatePersistence logDeprecation
WARN: HHH015016: Encountered a deprecated javax.persistence.spi.PersistenceProvider [org.hibernate.ejb.HibernatePersistence]; use [org.hibernate.jpa.HibernatePersistenceProvider] instead.
août 25, 2016 1:14:30 PM org.hibernate.ejb.HibernatePersistence logDeprecation
WARN: HHH015016: Encountered a deprecated javax.persistence.spi.PersistenceProvider [org.hibernate.ejb.HibernatePersistence]; use [org.hibernate.jpa.HibernatePersistenceProvider] instead.
août 25, 2016 1:14:30 PM org.hibernate.ejb.HibernatePersistence logDeprecation
WARN: HHH015016: Encountered a deprecated javax.persistence.spi.PersistenceProvider [org.hibernate.ejb.HibernatePersistence]; use [org.hibernate.jpa.HibernatePersistenceProvider] instead.
août 25, 2016 1:14:30 PM org.hibernate.jpa.internal.util.LogHelper logPersistenceUnitInformation
INFO: HHH000204: Processing PersistenceUnitInfo [
	name: lyrics
	...]
août 25, 2016 1:14:30 PM org.hibernate.Version logVersion
INFO: HHH000412: Hibernate Core {4.3.6.Final}
août 25, 2016 1:14:30 PM org.hibernate.cfg.Environment <clinit>
INFO: HHH000206: hibernate.properties not found
août 25, 2016 1:14:30 PM org.hibernate.cfg.Environment buildBytecodeProvider
INFO: HHH000021: Bytecode provider name : javassist
août 25, 2016 1:14:30 PM org.hibernate.annotations.common.reflection.java.JavaReflectionManager <clinit>
INFO: HCANN000001: Hibernate Commons Annotations {4.0.5.Final}
août 25, 2016 1:14:30 PM org.hibernate.engine.jdbc.connections.internal.DriverManagerConnectionProviderImpl configure
WARN: HHH000402: Using Hibernate built-in connection pool (not for production use!)
août 25, 2016 1:14:30 PM org.hibernate.engine.jdbc.connections.internal.DriverManagerConnectionProviderImpl buildCreator
INFO: HHH000401: using driver [null] at URL [jdbc:oracle:thin:@SODEV4]
août 25, 2016 1:14:30 PM org.hibernate.engine.jdbc.connections.internal.DriverManagerConnectionProviderImpl buildCreator
INFO: HHH000046: Connection properties: {user=D10TRU1, password=****}
août 25, 2016 1:14:30 PM org.hibernate.engine.jdbc.connections.internal.DriverManagerConnectionProviderImpl buildCreator
INFO: HHH000006: Autocommit mode: false
août 25, 2016 1:14:30 PM org.hibernate.engine.jdbc.connections.internal.DriverManagerConnectionProviderImpl configure
INFO: HHH000115: Hibernate connection pool size: 20 (min=1)
août 25, 2016 1:14:31 PM org.hibernate.dialect.Dialect <init>
INFO: HHH000400: Using dialect: org.hibernate.dialect.Oracle10gDialect
août 25, 2016 1:14:31 PM org.hibernate.hql.internal.ast.ASTQueryTranslatorFactory <init>
INFO: HHH000397: Using ASTQueryTranslatorFactory
août 25, 2016 1:14:31 PM org.hibernate.validator.internal.util.Version <clinit>
INFO: HV000001: Hibernate Validator 5.1.3.Final
]]></system-err>
  </testcase>
  <testcase name="testR2" classname="be.groups.glanguage.glanguage.api.entities.test.RuleIdentityMappingTest" time="0.002">
    <error message="Unknown entity: be.groups.glanguage.glanguage.api.entities.rule.RuleIdentity" type="java.lang.IllegalArgumentException"><![CDATA[java.lang.IllegalArgumentException: Unknown entity: be.groups.glanguage.glanguage.api.entities.rule.RuleIdentity
	at org.hibernate.internal.SessionFactoryImpl.getEntityPersister(SessionFactoryImpl.java:1096)
	at org.hibernate.internal.SessionImpl.locateEntityPersister(SessionImpl.java:2565)
	at org.hibernate.internal.SessionImpl.access$1900(SessionImpl.java:176)
	at org.hibernate.internal.SessionImpl$IdentifierLoadAccessImpl.<init>(SessionImpl.java:2504)
	at org.hibernate.internal.SessionImpl$IdentifierLoadAccessImpl.<init>(SessionImpl.java:2508)
	at org.hibernate.internal.SessionImpl$IdentifierLoadAccessImpl.<init>(SessionImpl.java:2495)
	at org.hibernate.internal.SessionImpl.byId(SessionImpl.java:1043)
	at org.hibernate.internal.SessionImpl.get(SessionImpl.java:955)
	at org.hibernate.jpa.spi.AbstractEntityManagerImpl.find(AbstractEntityManagerImpl.java:1110)
	at org.hibernate.jpa.spi.AbstractEntityManagerImpl.find(AbstractEntityManagerImpl.java:1068)
	at be.groups.glanguage.glanguage.api.entities.test.RuleIdentityMappingTest.testR2(RuleIdentityMappingTest.java:124)
]]></error>
  </testcase>
  <testcase name="testR3" classname="be.groups.glanguage.glanguage.api.entities.test.RuleIdentityMappingTest" time="0">
    <error message="Unknown entity: be.groups.glanguage.glanguage.api.entities.rule.RuleIdentity" type="java.lang.IllegalArgumentException"><![CDATA[java.lang.IllegalArgumentException: Unknown entity: be.groups.glanguage.glanguage.api.entities.rule.RuleIdentity
	at org.hibernate.internal.SessionFactoryImpl.getEntityPersister(SessionFactoryImpl.java:1096)
	at org.hibernate.internal.SessionImpl.locateEntityPersister(SessionImpl.java:2565)
	at org.hibernate.internal.SessionImpl.access$1900(SessionImpl.java:176)
	at org.hibernate.internal.SessionImpl$IdentifierLoadAccessImpl.<init>(SessionImpl.java:2504)
	at org.hibernate.internal.SessionImpl$IdentifierLoadAccessImpl.<init>(SessionImpl.java:2508)
	at org.hibernate.internal.SessionImpl$IdentifierLoadAccessImpl.<init>(SessionImpl.java:2495)
	at org.hibernate.internal.SessionImpl.byId(SessionImpl.java:1043)
	at org.hibernate.internal.SessionImpl.get(SessionImpl.java:955)
	at org.hibernate.jpa.spi.AbstractEntityManagerImpl.find(AbstractEntityManagerImpl.java:1110)
	at org.hibernate.jpa.spi.AbstractEntityManagerImpl.find(AbstractEntityManagerImpl.java:1068)
	at be.groups.glanguage.glanguage.api.entities.test.RuleIdentityMappingTest.testR3(RuleIdentityMappingTest.java:235)
]]></error>
  </testcase>
</testsuite>